<html>
<body>
<pre>
<h1>µVision Build Log</h1>
<h2>Tool Versions:</h2>
IDE-Version: ¦ÌVision V5.26.2.0
Copyright (C) 2018 ARM Ltd and ARM Germany GmbH. All rights reserved.
License Information: li lfwen, ingeek, LIC=D0DWF-6S57F-SYSVA-1CFSP-95MI1-94TP5
 
Tool Versions:
Toolchain:       MDK-ARM Plus  Version: 5.26.2.0
Toolchain Path:  C:\Keil_v5\ARM\ARMCC\Bin
C Compiler:      Armcc.exe V5.06 update 6 (build 750)
Assembler:       Armasm.exe V5.06 update 6 (build 750)
Linker/Locator:  ArmLink.exe V5.06 update 6 (build 750)
Library Manager: ArmAr.exe V5.06 update 6 (build 750)
Hex Converter:   FromElf.exe V5.06 update 6 (build 750)
CPU DLL:         
Dialog DLL:      
Target DLL:      Segger\JL2CM3.dll V2.99.31.0
Dialog DLL:      TCM.DLL V1.36.1.0
 
<h2>Project:</h2>
C:\Users\lfwen\OneDrive\shanghaijinxing\github\ble_services\nRF5_SDK_15.2.0_9412b96\examples\ble_peripheral\ble_app_hrs_sdk\pca10040\s132\arm5_no_packs\ble_app_hrs_pca10040_s132.uvprojx
Project File Date:  12/12/2018

<h2>Output:</h2>
*** Using Compiler 'V5.06 update 6 (build 750)', folder: 'C:\Keil_v5\ARM\ARMCC\Bin'
Build target 'nrf52832_xxaa'
compiling ikcmdhandle.c...
..\..\..\ikcmd\src\ikcmdhandle.c(225): warning:  #177-D: variable "Monitor_Data"  was declared but never referenced
  	T_Monitor_Data Monitor_Data;
..\..\..\ikcmd\src\ikcmdhandle.c(9): warning:  #177-D: variable "gData"  was declared but never referenced
  static uint8_t gData[100];
..\..\..\ikcmd\src\ikcmdhandle.c: 2 warnings, 0 errors
compiling ikcmdif.c...
..\..\..\ikcmd\src\ikcmdif.c(54): warning:  #940-D: missing return statement at end of non-void function "ikcmdStart" 
  }
..\..\..\ikcmd\src\ikcmdif.c: 1 warning, 0 errors
compiling boards.c...
compiling bsp.c...
compiling bsp_btn_ble.c...
compiling fstorage_data.c...
..\..\..\fstorage_data.c(317): warning:  #940-D: missing return statement at end of non-void function "fstorage_data_init" 
  }
..\..\..\fstorage_data.c(79): warning:  #177-D: function "clock_init"  was declared but never referenced
  static void clock_init(void)
..\..\..\fstorage_data.c(157): warning:  #177-D: function "print_flash_info"  was declared but never referenced
  static void print_flash_info(nrf_fstorage_t * p_fstorage)
..\..\..\fstorage_data.c: 3 warnings, 0 errors
compiling main.c...
..\..\..\main.c(309): warning:  #550-D: variable "err_code"  was set but never used
      uint32_t err_code;
..\..\..\main.c(687): warning:  #177-D: variable "outlen"  was declared but never referenced
  	unsigned int outlen;
..\..\..\main.c(688): warning:  #177-D: variable "preply_data"  was declared but never referenced
  	uint8_t *preply_data;
..\..\..\main.c(741): warning:  #177-D: variable "outlen"  was declared but never referenced
  	unsigned int outlen;
..\..\..\main.c(742): warning:  #177-D: variable "preply_data"  was declared but never referenced
  	uint8_t *preply_data;
..\..\..\main.c(780): warning:  #177-D: variable "cmd"  was declared but never referenced
  	uint8_t cmd;
..\..\..\main.c(818): warning:  #177-D: variable "status"  was declared but never referenced
  	uint8_t status = 0;
..\..\..\main.c(1152): warning:  #177-D: variable "preply_data"  was declared but never referenced
  	uint8_t *preply_data;
..\..\..\main.c(1153): warning:  #177-D: variable "outlen"  was declared but never referenced
  	unsigned int outlen;
..\..\..\main.c(999): warning:  #177-D: function "sensor_simulator_init"  was declared but never referenced
  static void sensor_simulator_init(void)
..\..\..\main.c: 10 warnings, 0 errors
compiling ble_advdata.c...
compiling ble_advertising.c...
compiling ble_conn_params.c...
compiling auth_status_tracker.c...
compiling ble_conn_state.c...
compiling gatt_cache_manager.c...
compiling gatts_cache_manager.c...
compiling nrf_ble_qwr.c...
compiling nrf_ble_gatt.c...
compiling id_manager.c...
compiling nrf_ble_lesc.c...
compiling peer_data_storage.c...
compiling peer_database.c...
compiling peer_id.c...
compiling pm_buffer.c...
compiling peer_manager.c...
compiling peer_manager_handler.c...
compiling security_manager.c...
compiling security_dispatcher.c...
compiling ble_link_ctx_manager.c...
compiling ble_bas.c...
compiling nrf_crypto_aead.c...
compiling nrf_crypto_aes_shared.c...
compiling nrf_crypto_aes.c...
compiling ble_dis.c...
compiling ble_hrs.c...
..\..\..\..\..\..\components\ble\ble_services\ble_hrs\ble_hrs.c(359): warning:  #177-D: variable "ret"  was declared but never referenced
  		uint32_t ret;
..\..\..\..\..\..\components\ble\ble_services\ble_hrs\ble_hrs.c(101): warning:  #177-D: function "on_hrm_cccd_write"  was declared but never referenced
  static void on_hrm_cccd_write(ble_hrs_t * p_hrs, ble_gatts_evt_write_t const * p_evt_write)
..\..\..\..\..\..\components\ble\ble_services\ble_hrs\ble_hrs.c: 2 warnings, 0 errors
compiling nrf_crypto_ecc.c...
compiling nrf_crypto_error.c...
compiling nrf_crypto_ecdh.c...
compiling nrf_crypto_eddsa.c...
compiling nrf_crypto_ecdsa.c...
compiling nrf_crypto_hkdf.c...
compiling nrf_crypto_hash.c...
compiling nrf_crypto_hmac.c...
compiling nrf_crypto_rng.c...
compiling nrf_crypto_init.c...
compiling oberon_backend_chacha_poly_aead.c...
compiling oberon_backend_ecdsa.c...
compiling nrf_crypto_shared.c...
compiling oberon_backend_ecc.c...
compiling oberon_backend_ecdh.c...
compiling micro_ecc_backend_ecc.c...
compiling micro_ecc_backend_ecdh.c...
compiling micro_ecc_backend_ecdsa.c...
compiling nrf_hw_backend_rng.c...
compiling nrf_hw_backend_init.c...
compiling oberon_backend_eddsa.c...
compiling oberon_backend_hmac.c...
compiling oberon_backend_hash.c...
compiling nrf_hw_backend_rng_mbedtls.c...
compiling nrf_drv_uart.c...
compiling nrfx_gpiote.c...
compiling nrf_drv_clock.c...
compiling nrfx_power_clock.c...
compiling nrf_drv_rng.c...
compiling nrfx_clock.c...
compiling nrfx_prs.c...
compiling nrf_fstorage.c...
compiling nrf_fstorage_sd.c...
compiling nrfx_rng.c...
compiling nrfx_uarte.c...
..\..\..\..\..\..\modules\nrfx\drivers\src\nrfx_uarte.c(272): error:  #20: identifier "UARTE1_EASYDMA_MAXCNT_SIZE" is undefined
      NRFX_ASSERT(UARTE_LENGTH_VALIDATE(p_instance->drv_inst_idx, length));
..\..\..\..\..\..\modules\nrfx\drivers\src\nrfx_uarte.c(346): error:  #20: identifier "UARTE1_EASYDMA_MAXCNT_SIZE" is undefined
      NRFX_ASSERT(UARTE_LENGTH_VALIDATE(p_instance->drv_inst_idx, length));
..\..\..\..\..\..\modules\nrfx\drivers\src\nrfx_uarte.c(579): error:  #20: identifier "NRF_UARTE1" is undefined
      uarte_irq_handler(NRF_UARTE1, &m_cb[NRFX_UARTE1_INST_IDX]);
..\..\..\..\..\..\modules\nrfx\drivers\src\nrfx_uarte.c: 0 warnings, 3 errors
compiling nrfx_uart.c...
compiling app_button.c...
compiling app_uart_fifo.c...
..\..\..\..\..\..\components\libraries\uart\app_uart_fifo.c(47): error:  #20: identifier "NRF_UARTE1" is undefined
  static nrf_drv_uart_t app_uart_inst = NRF_DRV_UART_INSTANCE(APP_UART_DRIVER_INSTANCE);
..\..\..\..\..\..\components\libraries\uart\app_uart_fifo.c: 0 warnings, 1 error
compiling app_error_handler_keil.c...
compiling app_error_weak.c...
compiling app_scheduler.c...
compiling crc16.c...
compiling hardfault_implementation.c...
compiling mem_manager.c...
compiling app_timer.c...
compiling nrf_atfifo.c...
compiling nrf_atflags.c...
compiling nrf_atomic.c...
compiling nrf_balloc.c...
compiling nrf_fprintf.c...
compiling nrf_fprintf_format.c...
compiling nrf_memobj.c...
compiling nrf_queue.c...
compiling nrf_ringbuf.c...
compiling nrf_pwr_mgmt.c...
compiling nrf_strerror.c...
compiling nrf_section_iter.c...
compiling app_fifo.c...
compiling fds.c...
compiling nrf_log_backend_rtt.c...
compiling nrf_log_backend_serial.c...
compiling nrf_log_default_backends.c...
compiling nrf_log_backend_uart.c...
compiling SEGGER_RTT.c...
compiling nrf_log_str_formatter.c...
compiling nrf_log_frontend.c...
compiling SEGGER_RTT_Syscalls_KEIL.c...
compiling ctr_drbg.c...
compiling aes.c...
compiling SEGGER_RTT_printf.c...
compiling nrf_sdh_soc.c...
compiling nrf_sdh.c...
compiling nrf_sdh_ble.c...
compiling cmac.c...
..\..\..\..\..\..\components\libraries\util\nordic_common.h(97): warning:  #47-D: incompatible redefinition of macro "MIN"  (declared at line 137 of "..\..\..\sdk\public\stdin.h")
  #define MIN(a, b) ((a) < (b) ? (a) : (b))
..\..\..\..\..\..\components\libraries\util\nordic_common.h(100): warning:  #47-D: incompatible redefinition of macro "MAX"  (declared at line 141 of "..\..\..\sdk\public\stdin.h")
  #define MAX(a, b) ((a) < (b) ? (b) : (a))
..\..\..\..\..\..\components\libraries\util\nordic_common.h(153): warning:  #47-D: incompatible redefinition of macro "SET_BIT"  (declared at line 149 of "..\..\..\sdk\public\stdin.h")
  #define SET_BIT(W, B)  ((W) |= (uint32_t)(1U << (B)))
..\..\..\sdk\cypto\cmac.c(200): warning:  #177-D: function "hex_dump"  was declared but never referenced
  static void hex_dump(unsigned char* name, const unsigned char* buffer, int len)
..\..\..\sdk\cypto\cmac.c: 4 warnings, 0 errors
compiling digital_key_api.c...
..\..\..\..\..\..\components\libraries\util\nordic_common.h(97): warning:  #47-D: incompatible redefinition of macro "MIN"  (declared at line 137 of "..\..\..\sdk\public\stdin.h")
  #define MIN(a, b) ((a) < (b) ? (a) : (b))
..\..\..\..\..\..\components\libraries\util\nordic_common.h(100): warning:  #47-D: incompatible redefinition of macro "MAX"  (declared at line 141 of "..\..\..\sdk\public\stdin.h")
  #define MAX(a, b) ((a) < (b) ? (b) : (a))
..\..\..\..\..\..\components\libraries\util\nordic_common.h(153): warning:  #47-D: incompatible redefinition of macro "SET_BIT"  (declared at line 149 of "..\..\..\sdk\public\stdin.h")
  #define SET_BIT(W, B)  ((W) |= (uint32_t)(1U << (B)))
..\..\..\sdk\app\digital_key_api.c(105): warning:  #177-D: function "hex_dump"  was declared but never referenced
  static void hex_dump(unsigned char* name, unsigned char* buffer, int len)
..\..\..\sdk\app\digital_key_api.c: 4 warnings, 0 errors
".\_build\nrf52832_xxaa.axf" - 4 Error(s), 26 Warning(s).

<h2>Software Packages used:</h2>

Package Vendor: ARM
                http://www.keil.com/pack/ARM.CMSIS.4.5.0.pack
                ARM.CMSIS.4.5.0
                CMSIS (Cortex Microcontroller Software Interface Standard)
   * Component: CORE Version: 4.3.0

Package Vendor: NordicSemiconductor
                http://developer.nordicsemi.com/nRF5_SDK/pieces/nRF_DeviceFamilyPack/NordicSemiconductor.nRF_DeviceFamilyPack.8.17.0.pack
                NordicSemiconductor.nRF_DeviceFamilyPack.8.17.0
                Nordic Semiconductor nRF ARM devices Device Family Pack.
   * Component: Startup Version: 8.17.0

<h2>Collection of Component include folders:</h2>
  .\RTE\_nrf52832_xxaa
  C:\Keil_v5\ARM\PACK\ARM\CMSIS\4.5.0\CMSIS\Include
  C:\Keil_v5\ARM\PACK\NordicSemiconductor\nRF_DeviceFamilyPack\8.17.0\Device\Include

<h2>Collection of Component Files used:</h2>

   * Component: ARM::CMSIS:CORE:4.3.0

   * Component: NordicSemiconductor::Device:Startup:8.17.0
      Source file:   Device\Source\arm\arm_startup_nrf52.s
      Include file:  Device\Include\system_nrf52.h
      Source file:   Device\Source\system_nrf52.c
Target not created.
Build Time Elapsed:  00:01:26
</pre>
</body>
</html>
